#
# There is insufficient memory for the Java Runtime Environment to continue.
# Native memory allocation (malloc) failed to allocate 1048576 bytes for AllocateHeap
# Possible reasons:
#   The system is out of physical RAM or swap space
#   The process is running with CompressedOops enabled, and the Java Heap may be blocking the growth of the native heap
# Possible solutions:
#   Reduce memory load on the system
#   Increase physical memory or swap space
#   Check if swap backing store is full
#   Decrease Java heap size (-Xmx/-Xms)
#   Decrease number of Java threads
#   Decrease Java thread stack sizes (-Xss)
#   Set larger code cache with -XX:ReservedCodeCacheSize=
#   JVM is running with Unscaled Compressed Oops mode in which the Java heap is
#     placed in the first 4GB address space. The Java Heap base address is the
#     maximum limit for the native heap growth. Please use -XX:HeapBaseMinAddress
#     to set the Java Heap base and to place the Java Heap above 4GB virtual address.
# This output file may be truncated or incomplete.
#
#  Out of Memory Error (memory/allocation.inline.hpp:61), pid=47912, tid=0x000000000000c618
#
# JRE version:  (8.0_221-b11) (build )
# Java VM: Java HotSpot(TM) 64-Bit Server VM (25.221-b11 mixed mode windows-amd64 compressed oops)
# Failed to write core dump. Minidumps are not enabled by default on client versions of Windows
#

---------------  T H R E A D  ---------------

Current thread (0x0000000002cc4000):  JavaThread "Unknown thread" [_thread_in_vm, id=50712, stack(0x0000000002bc0000,0x0000000002cc0000)]

Stack: [0x0000000002bc0000,0x0000000002cc0000]
[error occurred during error reporting (printing stack bounds), id 0xc0000005]

Native frames: (J=compiled Java code, j=interpreted, Vv=VM code, C=native code)


---------------  P R O C E S S  ---------------

Java Threads: ( => current thread )

Other Threads:

=>0x0000000002cc4000 (exited) JavaThread "Unknown thread" [_thread_in_vm, id=50712, stack(0x0000000002bc0000,0x0000000002cc0000)]

VM state:not at safepoint (normal execution)

VM Mutex/Monitor currently owned by a thread: None

heap address: 0x0000000081400000, size: 2028 MB, Compressed Oops mode: 32-bit
Narrow klass base: 0x0000000000000000, Narrow klass shift: 3
Compressed class space size: 1073741824 Address: 0x0000000100000000

Heap:
 PSYoungGen      total 38400K, used 665K [0x00000000d5c00000, 0x00000000d8680000, 0x0000000100000000)
  eden space 33280K, 2% used [0x00000000d5c00000,0x00000000d5ca6670,0x00000000d7c80000)
  from space 5120K, 0% used [0x00000000d8180000,0x00000000d8180000,0x00000000d8680000)
  to   space 5120K, 0% used [0x00000000d7c80000,0x00000000d7c80000,0x00000000d8180000)
 ParOldGen       total 87552K, used 0K [0x0000000081400000, 0x0000000086980000, 0x00000000d5c00000)
  object space 87552K, 0% used [0x0000000081400000,0x0000000081400000,0x0000000086980000)
 Metaspace       used 752K, capacity 4480K, committed 4480K, reserved 1056768K
  class space    used 76K, capacity 384K, committed 384K, reserved 1048576K

Card table byte_map: [0x0000000012190000,0x0000000012590000] byte_map_base: 0x0000000011d86000

Marking Bits: (ParMarkBitMap*) 0x0000000064815ce0
 Begin Bits: [0x0000000013240000, 0x00000000151f0000)
 End Bits:   [0x00000000151f0000, 0x00000000171a0000)

Polling page: 0x00000000013e0000

CodeCache: size=245760Kb used=328Kb max_used=328Kb free=245431Kb
 bounds [0x0000000002dd0000, 0x0000000003040000, 0x0000000011dd0000]
 total_blobs=58 nmethods=0 adapters=38
 compilation: enabled

Compilation events (0 events):
No events

GC Heap History (0 events):
No events

Deoptimization events (0 events):
No events

Classes redefined (0 events):
No events

Internal exceptions (0 events):
No events

Events (10 events):
Event: 0.025 loading class java/lang/Short
Event: 0.025 loading class java/lang/Short done
Event: 0.025 loading class java/lang/Integer
Event: 0.025 loading class java/lang/Integer done
Event: 0.025 loading class java/lang/Long
Event: 0.025 loading class java/lang/Long done
Event: 0.025 loading class java/lang/NullPointerException
Event: 0.026 loading class java/lang/NullPointerException done
Event: 0.026 loading class java/lang/ArithmeticException
Event: 0.026 loading class java/lang/ArithmeticException done


Dynamic libraries:
0x00007ff7ae6c0000 - 0x00007ff7ae6f7000 	C:\Program Files\Java\jre1.8.0_221\bin\javaw.exe
0x00007ffd3ddb0000 - 0x00007ffd3dfa5000 	C:\WINDOWS\SYSTEM32\ntdll.dll
0x00007ffd3be10000 - 0x00007ffd3becd000 	C:\WINDOWS\System32\KERNEL32.DLL
0x00007ffd3bb10000 - 0x00007ffd3bdd8000 	C:\WINDOWS\System32\KERNELBASE.dll
0x00007ffd3cea0000 - 0x00007ffd3cf4c000 	C:\WINDOWS\System32\ADVAPI32.dll
0x00007ffd3d8f0000 - 0x00007ffd3d98e000 	C:\WINDOWS\System32\msvcrt.dll
0x00007ffd3bed0000 - 0x00007ffd3bf6b000 	C:\WINDOWS\System32\sechost.dll
0x00007ffd3bf70000 - 0x00007ffd3c09b000 	C:\WINDOWS\System32\RPCRT4.dll
0x00007ffd3d000000 - 0x00007ffd3d1a0000 	C:\WINDOWS\System32\USER32.dll
0x00007ffd3b4f0000 - 0x00007ffd3b512000 	C:\WINDOWS\System32\win32u.dll
0x00007ffd3ce70000 - 0x00007ffd3ce9a000 	C:\WINDOWS\System32\GDI32.dll
0x00007ffd3ba00000 - 0x00007ffd3bb0b000 	C:\WINDOWS\System32\gdi32full.dll
0x00007ffd3b960000 - 0x00007ffd3b9fd000 	C:\WINDOWS\System32\msvcp_win.dll
0x00007ffd3b7e0000 - 0x00007ffd3b8e0000 	C:\WINDOWS\System32\ucrtbase.dll
0x00007ffd2caa0000 - 0x00007ffd2cd3a000 	C:\WINDOWS\WinSxS\amd64_microsoft.windows.common-controls_6595b64144ccf1df_6.0.19041.844_none_ca00b6081b84eb1d\COMCTL32.dll
0x00007ffd3ce40000 - 0x00007ffd3ce70000 	C:\WINDOWS\System32\IMM32.DLL
0x0000000063580000 - 0x0000000063652000 	C:\Program Files\Java\jre1.8.0_221\bin\msvcr100.dll
0x0000000063ff0000 - 0x0000000064895000 	C:\Program Files\Java\jre1.8.0_221\bin\server\jvm.dll
0x00007ffd3c0a0000 - 0x00007ffd3c0a8000 	C:\WINDOWS\System32\PSAPI.DLL
0x00007ffd21250000 - 0x00007ffd21259000 	C:\WINDOWS\SYSTEM32\WSOCK32.dll
0x00007ffd2e4c0000 - 0x00007ffd2e4e7000 	C:\WINDOWS\SYSTEM32\WINMM.dll
0x00007ffd34410000 - 0x00007ffd3441a000 	C:\WINDOWS\SYSTEM32\VERSION.dll
0x00007ffd3cd70000 - 0x00007ffd3cddb000 	C:\WINDOWS\System32\WS2_32.dll
0x00007ffd34b50000 - 0x00007ffd34b5f000 	C:\Program Files\Java\jre1.8.0_221\bin\verify.dll
0x00007ffd33910000 - 0x00007ffd33939000 	C:\Program Files\Java\jre1.8.0_221\bin\java.dll
0x00007ffd34ad0000 - 0x00007ffd34ae6000 	C:\Program Files\Java\jre1.8.0_221\bin\zip.dll

VM Arguments:
jvm_args: -Dfile.encoding=UTF-8 
java_command: com.tirmizee.SpringBatchSample7Application
java_class_path (initial): C:\Users\Lenovo-User\eclipse-workspace\SpringBoot-Batch\SpringBatchSample7-jdbc-reader\target\classes;D:\Programs\Maven\.m2\repository\org\springframework\boot\spring-boot-starter-batch\2.4.5\spring-boot-starter-batch-2.4.5.jar;D:\Programs\Maven\.m2\repository\org\springframework\boot\spring-boot-starter\2.4.5\spring-boot-starter-2.4.5.jar;D:\Programs\Maven\.m2\repository\org\springframework\boot\spring-boot\2.4.5\spring-boot-2.4.5.jar;D:\Programs\Maven\.m2\repository\org\springframework\boot\spring-boot-autoconfigure\2.4.5\spring-boot-autoconfigure-2.4.5.jar;D:\Programs\Maven\.m2\repository\org\springframework\boot\spring-boot-starter-logging\2.4.5\spring-boot-starter-logging-2.4.5.jar;D:\Programs\Maven\.m2\repository\ch\qos\logback\logback-classic\1.2.3\logback-classic-1.2.3.jar;D:\Programs\Maven\.m2\repository\ch\qos\logback\logback-core\1.2.3\logback-core-1.2.3.jar;D:\Programs\Maven\.m2\repository\org\apache\logging\log4j\log4j-to-slf4j\2.13.3\log4j-to-slf4j-2.13.3.jar;D:\Programs\Maven\.m2\repository\org\apache\logging\log4j\log4j-api\2.13.3\log4j-api-2.13.3.jar;D:\Programs\Maven\.m2\repository\org\slf4j\jul-to-slf4j\1.7.30\jul-to-slf4j-1.7.30.jar;D:\Programs\Maven\.m2\repository\jakarta\annotation\jakarta.annotation-api\1.3.5\jakarta.annotation-api-1.3.5.jar;D:\Programs\Maven\.m2\repository\org\yaml\snakeyaml\1.27\snakeyaml-1.27.jar;D:\Programs\Maven\.m2\repository\org\springframework\boot\spring-boot-starter-jdbc\2.4.5\spring-boot-starter-jdbc-2.4.5.jar;D:\Programs\Maven\.m2\repository\com\zaxxer\HikariCP\3.4.5\HikariCP-3.4.5.jar;D:\Programs\Maven\.m2\repository\org\springframework\batch\spring-batch-core\4.3.2\spring-batch-core-4.3.2.jar;D:\Programs\Maven\.m2\repository\com\fasterxml\jackson\core\jackson-databind\2.11.4\jackson-databind-2.11.4.jar;D:\Programs\Maven\.m2\repository\com\fasterxml\jackson\core\jackson-annotations\2.11.4\jackson-annotations-2.11.4.jar;D:\Programs\Maven\.m2\repository\com\fasterxml\jackson\core\jackson
Launcher Type: SUN_STANDARD

Environment Variables:
JAVA_HOME=C:\Program Files\Java\jdk1.8.0_221
PATH=C:/Program Files/Java/jre1.8.0_221/bin/server;C:/Program Files/Java/jre1.8.0_221/bin;C:/Program Files/Java/jre1.8.0_221/lib/amd64;D:\Programs\Oracle\18.0.0\dbhomeXE\bin;C:\Windows\system32;C:\Windows;C:\Windows\System32\Wbem;C:\Windows\System32\WindowsPowerShell\v1.0\;C:\Windows\System32\OpenSSH\;C:\Program Files (x86)\NVIDIA Corporation\PhysX\Common;C:\Program Files\NVIDIA Corporation\NVIDIA NGX;C:\Program Files\NVIDIA Corporation\NVIDIA NvDLISR;C:\Program Files\Git\cmd;C:\Program Files\Java\jdk1.8.0_221\bin;D:\Programs\Maven\apache-maven-3.6.2\bin;C:\Program Files\TortoiseGit\bin;C:\WINDOWS\system32;C:\WINDOWS;C:\WINDOWS\System32\Wbem;C:\WINDOWS\System32\WindowsPowerShell\v1.0\;C:\WINDOWS\System32\OpenSSH\;D:\Programs\gradle-6.2.2\bin;C:\Program Files\Microsoft SQL Server\Client SDK\ODBC\130\Tools\Binn\;C:\Program Files (x86)\Microsoft SQL Server\140\Tools\Binn\;C:\Program Files\Microsoft SQL Server\140\Tools\Binn\;C:\Program Files\Microsoft SQL Server\140\DTS\Binn\;C:\Program Files (x86)\Microsoft SQL Server\150\DTS\Binn\;C:\Program Files (x86)\Yarn\bin\;C:\Go\bin;C:\Program Files\nodejs\;C:\Program Files\PuTTY\;C:\Program Files\MongoDB\Server\4.4\bin;C:\Users\Lenovo-User\.kube;C:\Program Files\OpenSSL-Win64\bin;;C:\Program Files\Docker\Docker\resources\bin;C:\ProgramData\DockerDesktop\version-bin;C:\Users\Lenovo-User\AppData\Local\Microsoft\WindowsApps;C:\Program Files\Java\jdk1.8.0_221\bin;C:\Users\Lenovo-User\AppData\Local\Programs\Microsoft VS Code\bin;D:\Programs\spring-2.3.0.BUILD-SNAPSHOT\bin;D:\Programs\gradle-6.2.2\bin;C:\Users\Lenovo-User\AppData\Local\Yarn\bin;C:\Go\bin;;C:\Program Files\JetBrains\IntelliJ IDEA Community Edition 2020.1.3\bin;;C:\Users\Lenovo-User\AppData\Roaming\npm;C:\Users\Lenovo-User\eclipse\jee-2019-09\eclipse;
USERNAME=Lenovo-User
OS=Windows_NT
PROCESSOR_IDENTIFIER=Intel64 Family 6 Model 158 Stepping 10, GenuineIntel



---------------  S Y S T E M  ---------------

OS: Windows 10.0 , 64 bit Build 19041 (10.0.19041.928)

CPU:total 12 (initial active 12) (6 cores per cpu, 2 threads per core) family 6 model 158 stepping 10, cmov, cx8, fxsr, mmx, sse, sse2, sse3, ssse3, sse4.1, sse4.2, popcnt, avx, avx2, aes, clmul, erms, 3dnowpref, lzcnt, ht, tsc, tscinvbit, bmi1, bmi2, adx

Memory: 4k page, physical 8305908k(366808k free), swap 33471732k(6116k free)

vm_info: Java HotSpot(TM) 64-Bit Server VM (25.221-b11) for windows-amd64 JRE (1.8.0_221-b11), built on Jul  4 2019 04:39:29 by "java_re" with MS VC++ 10.0 (VS2010)

time: Wed Jun 09 13:54:36 2021
timezone: SE Asia Standard Time
elapsed time: 0 seconds (0d 0h 0m 0s)

